<?xml version="1.0" encoding="UTF-8"?>
<!-- Generated by org.testng.reporters.JUnitReportReporter -->
<testsuite skipped="0" hostname="ip-172-31-28-193" name="com.jdbc.NewTestNg" tests="3" failures="0" timestamp="06 Apr 2023 15:07:08 GMT" time="7.940" errors="0">
  <testcase name="Test" time="2.617" classname="com.jdbc.NewTestNg"/>
  <testcase name="Test2" time="3.126" classname="com.jdbc.NewTestNg"/>
  <testcase name="Test1" time="2.197" classname="com.jdbc.NewTestNg"/>
</testsuite> <!-- com.jdbc.NewTestNg -->
